<?xml version="1.0" encoding="UTF-8"?>
<testsuite name="com.micro2.micro2.Micro2ApplicationTests" tests="1" skipped="0" failures="0" errors="0" timestamp="2024-01-19T09:40:06" hostname="rahul-HP-Laptop-15s-dr0xxx" time="1.073">
  <properties/>
  <testcase name="contextLoads()" classname="com.micro2.micro2.Micro2ApplicationTests" time="1.073"/>
  <system-out><![CDATA[15:10:04.947 [Test worker] INFO org.springframework.test.context.support.AnnotationConfigContextLoaderUtils -- Could not detect default configuration classes for test class [com.micro2.micro2.Micro2ApplicationTests]: Micro2ApplicationTests does not declare any static, non-private, non-final, nested classes annotated with @Configuration.
15:10:05.056 [Test worker] INFO org.springframework.boot.test.context.SpringBootTestContextBootstrapper -- Found @SpringBootConfiguration com.micro2.micro2.Micro2Application for test class com.micro2.micro2.Micro2ApplicationTests

  .   ____          _            __ _ _
 /\\ / ___'_ __ _ _(_)_ __  __ _ \ \ \ \
( ( )\___ | '_ | '_| | '_ \/ _` | \ \ \ \
 \\/  ___)| |_)| | | | | || (_| |  ) ) ) )
  '  |____| .__|_| |_|_| |_\__, | / / / /
 =========|_|==============|___/=/_/_/_/
 :: Spring Boot ::                (v3.2.1)

2024-01-19T15:10:05.453+05:30  INFO 4819 --- [    Test worker] c.micro2.micro2.Micro2ApplicationTests   : Starting Micro2ApplicationTests using Java 21.0.1 with PID 4819 (started by rahul in /home/rahul/IdeaProjects/micro-2)
2024-01-19T15:10:05.455+05:30  INFO 4819 --- [    Test worker] c.micro2.micro2.Micro2ApplicationTests   : No active profile set, falling back to 1 default profile: "default"
2024-01-19T15:10:06.269+05:30  INFO 4819 --- [    Test worker] c.micro2.micro2.Micro2ApplicationTests   : Started Micro2ApplicationTests in 1.029 seconds (process running for 2.419)
]]></system-out>
  <system-err><![CDATA[WARNING: A Java agent has been loaded dynamically (/home/rahul/.gradle/caches/modules-2/files-2.1/net.bytebuddy/byte-buddy-agent/1.14.10/90ed94ac044ea8953b224304c762316e91fd6b31/byte-buddy-agent-1.14.10.jar)
WARNING: If a serviceability tool is in use, please run with -XX:+EnableDynamicAgentLoading to hide this warning
WARNING: If a serviceability tool is not in use, please run with -Djdk.instrument.traceUsage for more information
WARNING: Dynamic loading of agents will be disallowed by default in a future release
]]></system-err>
</testsuite>
